1757846927.122420 client started (1600): version 3.5a, socket /private/tmp/tmux-501/default, protocol 8
1757846927.122461 on Darwin 24.6.0 Darwin Kernel Version 24.6.0: Mon Jul 14 11:30:40 PDT 2025; root:xnu-11417.140.69~1/RELEASE_ARM64_T6041
1757846927.122472 using libevent 2.1.12-stable select
1757846927.122875 using utf8proc 2.10.0
1757846927.122916 using ncurses 6.5 20240427
1757846927.122946 flags are 0x10010000
1757846927.122958 socket is /private/tmp/tmux-501/default
1757846927.122973 trying connect
1757846927.123029 add peer 0x130008000: 6 (0x0)
1757846927.124583 sending message 111 to peer 0x130008000 (8 bytes)
1757846927.124594 sending message 111 to peer 0x130008000 (8 bytes)
1757846927.124600 sending message 101 to peer 0x130008000 (14 bytes)
1757846927.124605 sending message 109 to peer 0x130008000 (4 bytes)
1757846927.124610 sending message 102 to peer 0x130008000 (13 bytes)
1757846927.124615 sending message 108 to peer 0x130008000 (66 bytes)
1757846927.124620 sending message 112 to peer 0x130008000 (70 bytes)
1757846927.124624 sending message 112 to peer 0x130008000 (5 bytes)
1757846927.124628 sending message 112 to peer 0x130008000 (5 bytes)
1757846927.124633 sending message 112 to peer 0x130008000 (6 bytes)
1757846927.124637 sending message 112 to peer 0x130008000 (6 bytes)
1757846927.124641 sending message 112 to peer 0x130008000 (11 bytes)
1757846927.124646 sending message 112 to peer 0x130008000 (10 bytes)
1757846927.124650 sending message 112 to peer 0x130008000 (13 bytes)
1757846927.124654 sending message 112 to peer 0x130008000 (13 bytes)
1757846927.124658 sending message 112 to peer 0x130008000 (18 bytes)
1757846927.124663 sending message 112 to peer 0x130008000 (11 bytes)
1757846927.124667 sending message 112 to peer 0x130008000 (10 bytes)
1757846927.124671 sending message 112 to peer 0x130008000 (15 bytes)
1757846927.124675 sending message 112 to peer 0x130008000 (21 bytes)
1757846927.124679 sending message 112 to peer 0x130008000 (13 bytes)
1757846927.124683 sending message 112 to peer 0x130008000 (7 bytes)
1757846927.124688 sending message 112 to peer 0x130008000 (13 bytes)
1757846927.124692 sending message 112 to peer 0x130008000 (7 bytes)
1757846927.124696 sending message 112 to peer 0x130008000 (13 bytes)
1757846927.124700 sending message 112 to peer 0x130008000 (9 bytes)
1757846927.124704 sending message 112 to peer 0x130008000 (21 bytes)
1757846927.124709 sending message 112 to peer 0x130008000 (13 bytes)
1757846927.124713 sending message 112 to peer 0x130008000 (8 bytes)
1757846927.124717 sending message 112 to peer 0x130008000 (12 bytes)
1757846927.124721 sending message 112 to peer 0x130008000 (13 bytes)
1757846927.124725 sending message 112 to peer 0x130008000 (9 bytes)
1757846927.124729 sending message 112 to peer 0x130008000 (9 bytes)
1757846927.124733 sending message 112 to peer 0x130008000 (12 bytes)
1757846927.124738 sending message 112 to peer 0x130008000 (8 bytes)
1757846927.124742 sending message 112 to peer 0x130008000 (7 bytes)
1757846927.124746 sending message 112 to peer 0x130008000 (7 bytes)
1757846927.124750 sending message 112 to peer 0x130008000 (9 bytes)
1757846927.124754 sending message 112 to peer 0x130008000 (13 bytes)
1757846927.124758 sending message 112 to peer 0x130008000 (6 bytes)
1757846927.124762 sending message 112 to peer 0x130008000 (9 bytes)
1757846927.124766 sending message 112 to peer 0x130008000 (13 bytes)
1757846927.124771 sending message 112 to peer 0x130008000 (12 bytes)
1757846927.124775 sending message 112 to peer 0x130008000 (8 bytes)
1757846927.124779 sending message 112 to peer 0x130008000 (9 bytes)
1757846927.124783 sending message 112 to peer 0x130008000 (10 bytes)
1757846927.124787 sending message 112 to peer 0x130008000 (10 bytes)
1757846927.124792 sending message 112 to peer 0x130008000 (10 bytes)
1757846927.124796 sending message 112 to peer 0x130008000 (10 bytes)
1757846927.124800 sending message 112 to peer 0x130008000 (11 bytes)
1757846927.124804 sending message 112 to peer 0x130008000 (10 bytes)
1757846927.124808 sending message 112 to peer 0x130008000 (8 bytes)
1757846927.124825 sending message 112 to peer 0x130008000 (11 bytes)
1757846927.124829 sending message 112 to peer 0x130008000 (11 bytes)
1757846927.124832 sending message 112 to peer 0x130008000 (11 bytes)
1757846927.124835 sending message 112 to peer 0x130008000 (8 bytes)
1757846927.124838 sending message 112 to peer 0x130008000 (8 bytes)
1757846927.124841 sending message 112 to peer 0x130008000 (8 bytes)
1757846927.124844 sending message 112 to peer 0x130008000 (10 bytes)
1757846927.124847 sending message 112 to peer 0x130008000 (10 bytes)
1757846927.124850 sending message 112 to peer 0x130008000 (10 bytes)
1757846927.124853 sending message 112 to peer 0x130008000 (10 bytes)
1757846927.124855 sending message 112 to peer 0x130008000 (10 bytes)
1757846927.124858 sending message 112 to peer 0x130008000 (11 bytes)
1757846927.124861 sending message 112 to peer 0x130008000 (11 bytes)
1757846927.124864 sending message 112 to peer 0x130008000 (10 bytes)
1757846927.124867 sending message 112 to peer 0x130008000 (9 bytes)
1757846927.124870 sending message 112 to peer 0x130008000 (9 bytes)
1757846927.124873 sending message 112 to peer 0x130008000 (12 bytes)
1757846927.124876 sending message 112 to peer 0x130008000 (9 bytes)
1757846927.124879 sending message 112 to peer 0x130008000 (6 bytes)
1757846927.124882 sending message 112 to peer 0x130008000 (8 bytes)
1757846927.124885 sending message 112 to peer 0x130008000 (15 bytes)
1757846927.124887 sending message 112 to peer 0x130008000 (13 bytes)
1757846927.124890 sending message 112 to peer 0x130008000 (9 bytes)
1757846927.124893 sending message 112 to peer 0x130008000 (70 bytes)
1757846927.124896 sending message 112 to peer 0x130008000 (69 bytes)
1757846927.124899 sending message 112 to peer 0x130008000 (10 bytes)
1757846927.124902 sending message 112 to peer 0x130008000 (10 bytes)
1757846927.124905 sending message 112 to peer 0x130008000 (8 bytes)
1757846927.124908 sending message 112 to peer 0x130008000 (15 bytes)
1757846927.124911 sending message 112 to peer 0x130008000 (13 bytes)
1757846927.124914 sending message 112 to peer 0x130008000 (10 bytes)
1757846927.124917 sending message 112 to peer 0x130008000 (10 bytes)
1757846927.124920 sending message 112 to peer 0x130008000 (13 bytes)
1757846927.124922 sending message 112 to peer 0x130008000 (9 bytes)
1757846927.124925 sending message 112 to peer 0x130008000 (5 bytes)
1757846927.124928 sending message 112 to peer 0x130008000 (5 bytes)
1757846927.124933 sending message 104 to peer 0x130008000 (0 bytes)
1757846927.124937 sending message 110 to peer 0x130008000 (0 bytes)
1757846927.124940 sending message 107 to peer 0x130008000 (4 bytes)
1757846927.124943 sending message 105 to peer 0x130008000 (15 bytes)
1757846927.124946 sending message 105 to peer 0x130008000 (20 bytes)
1757846927.124949 sending message 105 to peer 0x130008000 (22 bytes)
1757846927.124952 sending message 105 to peer 0x130008000 (24 bytes)
1757846927.124955 sending message 105 to peer 0x130008000 (37 bytes)
1757846927.124958 sending message 105 to peer 0x130008000 (30 bytes)
1757846927.124961 sending message 105 to peer 0x130008000 (34 bytes)
1757846927.124963 sending message 105 to peer 0x130008000 (60 bytes)
1757846927.124966 sending message 105 to peer 0x130008000 (22 bytes)
1757846927.124969 sending message 105 to peer 0x130008000 (61 bytes)
1757846927.124972 sending message 105 to peer 0x130008000 (61 bytes)
1757846927.124975 sending message 105 to peer 0x130008000 (17 bytes)
1757846927.124978 sending message 105 to peer 0x130008000 (19 bytes)
1757846927.124981 sending message 105 to peer 0x130008000 (27 bytes)
1757846927.124984 sending message 105 to peer 0x130008000 (8 bytes)
1757846927.124987 sending message 105 to peer 0x130008000 (20 bytes)
1757846927.124990 sending message 105 to peer 0x130008000 (32 bytes)
1757846927.124993 sending message 105 to peer 0x130008000 (96 bytes)
1757846927.124996 sending message 105 to peer 0x130008000 (54 bytes)
1757846927.124998 sending message 105 to peer 0x130008000 (73 bytes)
1757846927.125001 sending message 105 to peer 0x130008000 (11 bytes)
1757846927.125012 sending message 105 to peer 0x130008000 (725 bytes)
1757846927.125015 sending message 105 to peer 0x130008000 (70 bytes)
1757846927.125018 sending message 105 to peer 0x130008000 (46 bytes)
1757846927.125021 sending message 105 to peer 0x130008000 (60 bytes)
1757846927.125024 sending message 105 to peer 0x130008000 (38 bytes)
1757846927.125027 sending message 105 to peer 0x130008000 (28 bytes)
1757846927.125030 sending message 105 to peer 0x130008000 (24 bytes)
1757846927.125033 sending message 105 to peer 0x130008000 (15 bytes)
1757846927.125036 sending message 105 to peer 0x130008000 (8 bytes)
1757846927.125039 sending message 105 to peer 0x130008000 (66 bytes)
1757846927.125042 sending message 105 to peer 0x130008000 (19 bytes)
1757846927.125045 sending message 105 to peer 0x130008000 (86 bytes)
1757846927.125048 sending message 105 to peer 0x130008000 (42 bytes)
1757846927.125051 sending message 105 to peer 0x130008000 (18 bytes)
1757846927.125054 sending message 105 to peer 0x130008000 (26 bytes)
1757846927.125057 sending message 105 to peer 0x130008000 (60 bytes)
1757846927.125059 sending message 105 to peer 0x130008000 (57 bytes)
1757846927.125062 sending message 105 to peer 0x130008000 (42 bytes)
1757846927.125065 sending message 105 to peer 0x130008000 (13 bytes)
1757846927.125068 sending message 105 to peer 0x130008000 (59 bytes)
1757846927.125071 sending message 105 to peer 0x130008000 (17 bytes)
1757846927.125074 sending message 105 to peer 0x130008000 (14 bytes)
1757846927.125077 sending message 105 to peer 0x130008000 (19 bytes)
1757846927.125080 sending message 105 to peer 0x130008000 (34 bytes)
1757846927.125083 sending message 105 to peer 0x130008000 (43 bytes)
1757846927.125086 sending message 105 to peer 0x130008000 (32 bytes)
1757846927.125089 sending message 105 to peer 0x130008000 (25 bytes)
1757846927.125091 sending message 106 to peer 0x130008000 (0 bytes)
1757846927.125139 sending message 200 to peer 0x130008000 (4 bytes)
1757846927.125144 client loop enter
1757846927.125309 peer 0x130008000 message 303
1757846927.125335 open write file 2 -
1757846927.125364 sending message 305 to peer 0x130008000 (8 bytes)
1757846927.125382 write check file 2
1757846927.125430 peer 0x130008000 message 304
1757846927.125437 write 58 to file 2
1757846927.125442 peer 0x130008000 message 203
1757846927.125445 file 2 58 bytes left
1757846927.125457 write check file 2
1757846927.125461 client loop exit
